<?xml version="1.0" encoding="UTF-8"?>
<testng-results skipped="0" failed="0" ignored="0" total="1" passed="1">
  <reporter-output>
  </reporter-output>
  <suite name="Suite" duration-ms="9082" started-at="2020-07-23T20:33:15 IST" finished-at="2020-07-23T20:33:24 IST">
    <groups>
    </groups>
    <test name="Test" duration-ms="9082" started-at="2020-07-23T20:33:15 IST" finished-at="2020-07-23T20:33:24 IST">
      <class name="org.test.cherry.DepositeTest">
        <test-method status="PASS" signature="setup(java.lang.String)[pri:0, instance:org.test.cherry.DepositeTest@7d0587f1]" name="setup" is-config="true" duration-ms="8405" started-at="2020-07-23T20:33:15 IST" finished-at="2020-07-23T20:33:24 IST">
          <params>
            <param index="0">
              <value>
                <![CDATA[https://iecouat.kotakcherry.com/ieco/#/home]]>
              </value>
            </param>
          </params>
          <reporter-output>
          </reporter-output>
        </test-method> <!-- setup -->
        <test-method status="PASS" signature="checkBrokenImage()[pri:0, instance:org.test.cherry.DepositeTest@7d0587f1]" name="checkBrokenImage" duration-ms="16" started-at="2020-07-23T20:33:24 IST" finished-at="2020-07-23T20:33:24 IST">
          <reporter-output>
          </reporter-output>
        </test-method> <!-- checkBrokenImage -->
        <test-method status="PASS" signature="afterTest()[pri:0, instance:org.test.cherry.DepositeTest@7d0587f1]" name="afterTest" is-config="true" duration-ms="635" started-at="2020-07-23T20:33:24 IST" finished-at="2020-07-23T20:33:24 IST">
          <reporter-output>
          </reporter-output>
        </test-method> <!-- afterTest -->
      </class> <!-- org.test.cherry.DepositeTest -->
    </test> <!-- Test -->
  </suite> <!-- Suite -->
</testng-results>
